{
  "RSpec": {
    "coverage": {
      "/Users/charlotte/Makers/full-course/week-ten/tech-tests/bank-tech-test/spec/bank_spec.rb": {
        "lines": [
          1,
          null,
          1,
          1,
          18,
          null,
          null,
          1,
          1,
          1,
          1,
          null,
          null,
          1,
          1,
          1,
          1,
          null,
          null,
          1,
          2,
          null,
          null,
          1,
          1,
          null,
          null,
          1,
          1,
          null,
          null,
          null,
          1,
          1,
          1,
          1,
          1,
          null,
          null,
          1,
          1,
          1,
          1,
          1,
          null,
          null,
          1,
          2,
          null,
          null,
          1,
          2,
          null,
          null,
          1,
          1,
          null,
          null,
          1,
          1,
          1,
          null,
          null,
          null,
          1,
          1,
          1,
          1,
          1,
          1,
          1,
          null,
          null,
          1,
          1,
          1,
          1,
          1,
          1,
          1,
          1,
          null,
          null,
          null,
          1,
          1,
          1,
          1,
          1,
          1,
          1,
          null,
          null,
          1,
          1,
          1,
          1,
          1,
          1,
          1,
          1,
          null,
          null,
          null,
          1,
          1,
          1,
          1,
          1,
          1,
          1,
          null,
          null,
          null,
          1,
          1,
          1,
          1,
          1,
          1,
          null,
          null,
          1,
          1,
          1,
          1,
          1,
          1,
          1,
          null,
          null,
          null
        ]
      },
      "/Users/charlotte/Makers/full-course/week-ten/tech-tests/bank-tech-test/lib/bank.rb": {
        "lines": [
          1,
          null,
          1,
          1,
          18,
          18,
          18,
          null,
          null,
          1,
          21,
          null,
          20,
          null,
          null,
          1,
          12,
          null,
          10,
          10,
          null,
          null,
          1,
          3,
          null,
          null,
          1,
          3,
          null,
          null,
          1,
          1,
          null,
          null,
          1,
          13,
          null,
          null,
          1,
          null,
          1,
          21,
          null,
          21,
          null,
          21,
          null,
          null,
          1,
          12,
          null,
          12,
          null,
          12,
          null,
          11,
          null,
          null,
          1,
          12,
          12,
          20,
          19,
          1,
          1,
          null,
          null,
          12,
          null,
          null
        ]
      },
      "/Users/charlotte/Makers/full-course/week-ten/tech-tests/bank-tech-test/lib/formatter.rb": {
        "lines": [
          1,
          1,
          23,
          23,
          23,
          null,
          null,
          1,
          18,
          null,
          null,
          1,
          4,
          1,
          null,
          3,
          null,
          null,
          null,
          1,
          5,
          1,
          null,
          4,
          null,
          null,
          null,
          1,
          3,
          null,
          null,
          1,
          null,
          1,
          18,
          18,
          18,
          null,
          18,
          47,
          null,
          47,
          11,
          null,
          36,
          null,
          null,
          47,
          null,
          47,
          null,
          null,
          18,
          null,
          null,
          1,
          65,
          12,
          null,
          53,
          null,
          null,
          1,
          47,
          null,
          7,
          null,
          40,
          null,
          null,
          null,
          1,
          18,
          4,
          null,
          14,
          null,
          null,
          18,
          null,
          18,
          null,
          null,
          1,
          65,
          null,
          null,
          1,
          36,
          null,
          null,
          24,
          null,
          null,
          null,
          1,
          36,
          null,
          null,
          12,
          null,
          null,
          null,
          1,
          11,
          8,
          3,
          3,
          null,
          null,
          null,
          1,
          47,
          32,
          15,
          15,
          null,
          null,
          47,
          null,
          null,
          1,
          94,
          null,
          null,
          1,
          18,
          null,
          18,
          47,
          null,
          null,
          18,
          null,
          null,
          1,
          36,
          36,
          36,
          36,
          36,
          null,
          36,
          null,
          null,
          1,
          11,
          11,
          11,
          11,
          null,
          11,
          null,
          null
        ]
      },
      "/Users/charlotte/Makers/full-course/week-ten/tech-tests/bank-tech-test/spec/formatter_spec.rb": {
        "lines": [
          1,
          null,
          1,
          6,
          6,
          6,
          null,
          1,
          5,
          null,
          null,
          1,
          1,
          1,
          1,
          null,
          null,
          null,
          1,
          1,
          1,
          1,
          1,
          null,
          null,
          null,
          1,
          1,
          1,
          1,
          1,
          null,
          null,
          null,
          1,
          1,
          1,
          1,
          1,
          null,
          null,
          1,
          1,
          1,
          1,
          1,
          null,
          null,
          null
        ]
      },
      "/Users/charlotte/Makers/full-course/week-ten/tech-tests/bank-tech-test/spec/transaction_spec.rb": {
        "lines": [
          1,
          null,
          1,
          1,
          1,
          1,
          1,
          null,
          null,
          1,
          1,
          1,
          1,
          null,
          null,
          null,
          1,
          1,
          1,
          1,
          null,
          null,
          1,
          1,
          1,
          null,
          null,
          null,
          1,
          1,
          1,
          1,
          null,
          null,
          1,
          1,
          1,
          null,
          null,
          null
        ]
      },
      "/Users/charlotte/Makers/full-course/week-ten/tech-tests/bank-tech-test/lib/transaction.rb": {
        "lines": [
          1,
          1,
          36,
          36,
          36,
          null,
          null,
          1,
          66,
          null,
          null,
          1,
          125,
          null,
          null,
          1,
          86,
          null,
          null
        ]
      }
    },
    "timestamp": 1604524181
  }
}
