{
  "RSpec": {
    "coverage": {
      "/Users/charlotte/Makers/full-course/week-ten/tech-tests/bank-tech-test/spec/bank_spec.rb": {
        "lines": [
          1,
          null,
          1,
          1,
          11,
          11,
          11,
          11,
          null,
          null,
          1,
          1,
          1,
          1,
          null,
          null,
          1,
          1,
          1,
          1,
          null,
          null,
          1,
          2,
          null,
          null,
          1,
          1,
          null,
          null,
          1,
          1,
          null,
          null,
          null,
          1,
          1,
          1,
          1,
          1,
          null,
          null,
          1,
          2,
          null,
          null,
          1,
          2,
          null,
          null,
          1,
          1,
          null,
          null,
          1,
          1,
          1,
          null,
          null,
          null,
          1,
          1,
          1,
          1,
          1,
          1,
          null,
          null,
          null
        ]
      },
      "/Users/charlotte/Makers/full-course/week-ten/tech-tests/bank-tech-test/lib/bank.rb": {
        "lines": [
          1,
          1,
          11,
          11,
          null,
          null,
          1,
          7,
          null,
          6,
          6,
          null,
          null,
          null,
          null,
          1,
          4,
          null,
          2,
          2,
          null,
          null,
          null,
          null,
          1,
          4,
          null,
          null,
          1,
          null,
          1,
          7,
          null,
          7,
          null,
          7,
          null,
          null,
          1,
          4,
          null,
          4,
          null,
          4,
          null,
          3,
          null,
          null,
          1,
          4,
          4,
          7,
          null,
          7,
          null,
          7,
          null,
          7,
          null,
          7,
          null,
          7,
          null,
          4,
          null,
          null,
          1,
          4,
          null,
          null,
          1,
          7,
          2,
          null,
          5,
          null,
          null,
          null,
          1,
          7,
          5,
          null,
          2,
          null,
          null,
          null,
          1,
          14,
          null,
          null
        ]
      }
    },
    "timestamp": 1604413106
  }
}
